<?xml version="1.0" encoding="UTF-8"?>
<!-- Generated by org.testng.reporters.JUnitXMLReporter -->
<testsuite ignored="0" hostname="DESKTOP-UTIESKD" failures="0" tests="8" name="Default test" time="93.747" errors="0" timestamp="2021-05-10T00:16:10 ICT">
  <testcase classname="excute.TS03" name="TC_01_DangKyThanhCong" time="0.007"/>
  <testcase classname="excute.TS03" name="TC_02_DangKyKhongThanhCong_BoTrongAll" time="0.002"/>
  <testcase classname="excute.TS03" name="TC_03_DangKyKhongThanhCong_BoTrongTruongDL" time="0.001"/>
  <testcase classname="excute.TS03" name="TC_04_DangKyKhongThanhCong_TrungEmail" time="0.0"/>
  <testcase classname="excute.TS03" name="TC_05_DangKyKhongThanhCong_TrungUserName" time="0.001"/>
  <testcase classname="excute.TS03" name="TC_06_DangKyKhongThanhCong_SaiEmail" time="0.002"/>
  <testcase classname="excute.TS03" name="TC_07_DangKy_DaCoTaiKhoan_DangNhap" time="0.001"/>
  <testcase classname="excute.TS03" name="TC_08_DangKy_QuenMatKhau" time="0.001"/>
</testsuite> <!-- Default test -->
