<?xml version="1.0" encoding="UTF-8"?>
<!-- Generated by org.testng.reporters.JUnitXMLReporter -->
<testsuite hostname="Sotateks-MacBook-Pro.local" ignored="6" name="Default test" tests="1" failures="0" timestamp="2021-05-13T23:31:51 ICT" time="7.98" errors="0">
  <testcase name="TC_01_DangNhapThanhCong" time="3.26" classname="excute.TS_DangNhap"/>
  <testcase name="TC_06_DangNhapVoiFacebook" time="0.0" classname="excute.TS_DangNhap">
    <ignored/>
  </testcase> <!-- TC_06_DangNhapVoiFacebook -->
  <testcase name="TC_03_DangNhapKhongThanhCong_BoTrongTruongDL" time="0.0" classname="excute.TS_DangNhap">
    <ignored/>
  </testcase> <!-- TC_03_DangNhapKhongThanhCong_BoTrongTruongDL -->
  <testcase name="TC_04_DangNhapKhongThanhCong" time="0.0" classname="excute.TS_DangNhap">
    <ignored/>
  </testcase> <!-- TC_04_DangNhapKhongThanhCong -->
  <testcase name="TC_07_DangNhap_QuenMatKhau" time="0.0" classname="excute.TS_DangNhap">
    <ignored/>
  </testcase> <!-- TC_07_DangNhap_QuenMatKhau -->
  <testcase name="TC_05_DangNhapVoiGoogle" time="0.0" classname="excute.TS_DangNhap">
    <ignored/>
  </testcase> <!-- TC_05_DangNhapVoiGoogle -->
  <testcase name="TC_02_DangNhapKhongThanhCong_BoTrongAll" time="0.0" classname="excute.TS_DangNhap">
    <ignored/>
  </testcase> <!-- TC_02_DangNhapKhongThanhCong_BoTrongAll -->
</testsuite> <!-- Default test -->
