<?xml version="1.0" encoding="UTF-8"?>
<testng-results skipped="0" failed="2" ignored="0" total="7" passed="5">
  <reporter-output>
  </reporter-output>
  <suite name="Default suite" duration-ms="65568" started-at="2021-05-15T22:04:51 ICT" finished-at="2021-05-15T22:05:56 ICT">
    <groups>
    </groups>
    <test name="Default test" duration-ms="65568" started-at="2021-05-15T22:04:51 ICT" finished-at="2021-05-15T22:05:56 ICT">
      <class name="excute.TS_DangNhap">
        <test-method status="PASS" signature="beforeMethod()[pri:0, instance:excute.TS_DangNhap@63440df3]" name="beforeMethod" is-config="true" duration-ms="5749" started-at="2021-05-15T22:04:51 ICT" finished-at="2021-05-15T22:04:56 ICT">
          <reporter-output>
          </reporter-output>
        </test-method> <!-- beforeMethod -->
        <test-method status="PASS" signature="TC_01_DangNhapThanhCong()[pri:0, instance:excute.TS_DangNhap@63440df3]" name="TC_01_DangNhapThanhCong" duration-ms="3722" started-at="2021-05-15T22:04:56 ICT" finished-at="2021-05-15T22:05:00 ICT">
          <reporter-output>
          </reporter-output>
        </test-method> <!-- TC_01_DangNhapThanhCong -->
        <test-method status="PASS" signature="afterMethod()[pri:0, instance:excute.TS_DangNhap@63440df3]" name="afterMethod" is-config="true" duration-ms="109" started-at="2021-05-15T22:05:00 ICT" finished-at="2021-05-15T22:05:00 ICT">
          <reporter-output>
          </reporter-output>
        </test-method> <!-- afterMethod -->
        <test-method status="PASS" signature="beforeMethod()[pri:0, instance:excute.TS_DangNhap@63440df3]" name="beforeMethod" is-config="true" duration-ms="4109" started-at="2021-05-15T22:05:00 ICT" finished-at="2021-05-15T22:05:04 ICT">
          <reporter-output>
          </reporter-output>
        </test-method> <!-- beforeMethod -->
        <test-method status="PASS" signature="TC_02_DangNhapKhongThanhCong_BoTrongAll()[pri:0, instance:excute.TS_DangNhap@63440df3]" name="TC_02_DangNhapKhongThanhCong_BoTrongAll" duration-ms="7971" started-at="2021-05-15T22:05:04 ICT" finished-at="2021-05-15T22:05:12 ICT">
          <reporter-output>
          </reporter-output>
        </test-method> <!-- TC_02_DangNhapKhongThanhCong_BoTrongAll -->
        <test-method status="PASS" signature="afterMethod()[pri:0, instance:excute.TS_DangNhap@63440df3]" name="afterMethod" is-config="true" duration-ms="93" started-at="2021-05-15T22:05:12 ICT" finished-at="2021-05-15T22:05:12 ICT">
          <reporter-output>
          </reporter-output>
        </test-method> <!-- afterMethod -->
        <test-method status="PASS" signature="beforeMethod()[pri:0, instance:excute.TS_DangNhap@63440df3]" name="beforeMethod" is-config="true" duration-ms="3817" started-at="2021-05-15T22:05:12 ICT" finished-at="2021-05-15T22:05:16 ICT">
          <reporter-output>
          </reporter-output>
        </test-method> <!-- beforeMethod -->
        <test-method status="PASS" signature="TC_03_DangNhapKhongThanhCong_BoTrongTruongDL()[pri:0, instance:excute.TS_DangNhap@63440df3]" name="TC_03_DangNhapKhongThanhCong_BoTrongTruongDL" duration-ms="2950" started-at="2021-05-15T22:05:16 ICT" finished-at="2021-05-15T22:05:19 ICT">
          <reporter-output>
          </reporter-output>
        </test-method> <!-- TC_03_DangNhapKhongThanhCong_BoTrongTruongDL -->
        <test-method status="PASS" signature="afterMethod()[pri:0, instance:excute.TS_DangNhap@63440df3]" name="afterMethod" is-config="true" duration-ms="90" started-at="2021-05-15T22:05:19 ICT" finished-at="2021-05-15T22:05:19 ICT">
          <reporter-output>
          </reporter-output>
        </test-method> <!-- afterMethod -->
        <test-method status="PASS" signature="beforeMethod()[pri:0, instance:excute.TS_DangNhap@63440df3]" name="beforeMethod" is-config="true" duration-ms="4813" started-at="2021-05-15T22:05:19 ICT" finished-at="2021-05-15T22:05:24 ICT">
          <reporter-output>
          </reporter-output>
        </test-method> <!-- beforeMethod -->
        <test-method status="PASS" signature="TC_04_DangNhapKhongThanhCong()[pri:0, instance:excute.TS_DangNhap@63440df3]" name="TC_04_DangNhapKhongThanhCong" duration-ms="5637" started-at="2021-05-15T22:05:24 ICT" finished-at="2021-05-15T22:05:30 ICT">
          <reporter-output>
          </reporter-output>
        </test-method> <!-- TC_04_DangNhapKhongThanhCong -->
        <test-method status="PASS" signature="afterMethod()[pri:0, instance:excute.TS_DangNhap@63440df3]" name="afterMethod" is-config="true" duration-ms="88" started-at="2021-05-15T22:05:30 ICT" finished-at="2021-05-15T22:05:30 ICT">
          <reporter-output>
          </reporter-output>
        </test-method> <!-- afterMethod -->
        <test-method status="PASS" signature="beforeMethod()[pri:0, instance:excute.TS_DangNhap@63440df3]" name="beforeMethod" is-config="true" duration-ms="3324" started-at="2021-05-15T22:05:30 ICT" finished-at="2021-05-15T22:05:33 ICT">
          <reporter-output>
          </reporter-output>
        </test-method> <!-- beforeMethod -->
        <test-method status="FAIL" signature="TC_05_DangNhapVoiGoogle()[pri:0, instance:excute.TS_DangNhap@63440df3]" name="TC_05_DangNhapVoiGoogle" duration-ms="2498" started-at="2021-05-15T22:05:33 ICT" finished-at="2021-05-15T22:05:36 ICT">
          <exception class="java.lang.AssertionError">
            <message>
              <![CDATA[So sanh khong bang nhau: 404 - File or directory not found. va Google expected [false] but found [true]]]>
            </message>
            <full-stacktrace>
              <![CDATA[java.lang.AssertionError: So sanh khong bang nhau: 404 - File or directory not found. va Google expected [false] but found [true]
at org.testng.Assert.fail(Assert.java:99)
at org.testng.Assert.failNotEquals(Assert.java:1037)
at org.testng.Assert.assertFalse(Assert.java:67)
at common.CommonBase.verifyCompare(CommonBase.java:516)
at excute.TS_DangNhap.TC_05_DangNhapVoiGoogle(TS_DangNhap.java:79)
at sun.reflect.NativeMethodAccessorImpl.invoke0(Native Method)
at sun.reflect.NativeMethodAccessorImpl.invoke(NativeMethodAccessorImpl.java:62)
at sun.reflect.DelegatingMethodAccessorImpl.invoke(DelegatingMethodAccessorImpl.java:43)
at java.lang.reflect.Method.invoke(Method.java:498)
at org.testng.internal.MethodInvocationHelper.invokeMethod(MethodInvocationHelper.java:132)
at org.testng.internal.TestInvoker.invokeMethod(TestInvoker.java:599)
at org.testng.internal.TestInvoker.invokeTestMethod(TestInvoker.java:174)
at org.testng.internal.MethodRunner.runInSequence(MethodRunner.java:46)
at org.testng.internal.TestInvoker$MethodInvocationAgent.invoke(TestInvoker.java:822)
at org.testng.internal.TestInvoker.invokeTestMethods(TestInvoker.java:147)
at org.testng.internal.TestMethodWorker.invokeTestMethods(TestMethodWorker.java:146)
at org.testng.internal.TestMethodWorker.run(TestMethodWorker.java:128)
at java.util.ArrayList.forEach(ArrayList.java:1259)
at org.testng.TestRunner.privateRun(TestRunner.java:764)
at org.testng.TestRunner.run(TestRunner.java:585)
at org.testng.SuiteRunner.runTest(SuiteRunner.java:384)
at org.testng.SuiteRunner.runSequentially(SuiteRunner.java:378)
at org.testng.SuiteRunner.privateRun(SuiteRunner.java:337)
at org.testng.SuiteRunner.run(SuiteRunner.java:286)
at org.testng.SuiteRunnerWorker.runSuite(SuiteRunnerWorker.java:53)
at org.testng.SuiteRunnerWorker.run(SuiteRunnerWorker.java:96)
at org.testng.TestNG.runSuitesSequentially(TestNG.java:1218)
at org.testng.TestNG.runSuitesLocally(TestNG.java:1140)
at org.testng.TestNG.runSuites(TestNG.java:1069)
at org.testng.TestNG.run(TestNG.java:1037)
at org.testng.remote.AbstractRemoteTestNG.run(AbstractRemoteTestNG.java:115)
at org.testng.remote.RemoteTestNG.initAndRun(RemoteTestNG.java:251)
at org.testng.remote.RemoteTestNG.main(RemoteTestNG.java:77)
]]>
            </full-stacktrace>
          </exception> <!-- java.lang.AssertionError -->
          <reporter-output>
          </reporter-output>
        </test-method> <!-- TC_05_DangNhapVoiGoogle -->
        <test-method status="PASS" signature="afterMethod()[pri:0, instance:excute.TS_DangNhap@63440df3]" name="afterMethod" is-config="true" duration-ms="90" started-at="2021-05-15T22:05:36 ICT" finished-at="2021-05-15T22:05:36 ICT">
          <reporter-output>
          </reporter-output>
        </test-method> <!-- afterMethod -->
        <test-method status="PASS" signature="beforeMethod()[pri:0, instance:excute.TS_DangNhap@63440df3]" name="beforeMethod" is-config="true" duration-ms="3340" started-at="2021-05-15T22:05:36 ICT" finished-at="2021-05-15T22:05:39 ICT">
          <reporter-output>
          </reporter-output>
        </test-method> <!-- beforeMethod -->
        <test-method status="FAIL" signature="TC_06_DangNhapVoiFacebook()[pri:0, instance:excute.TS_DangNhap@63440df3]" name="TC_06_DangNhapVoiFacebook" duration-ms="7523" started-at="2021-05-15T22:05:39 ICT" finished-at="2021-05-15T22:05:47 ICT">
          <exception class="java.lang.AssertionError">
            <message>
              <![CDATA[So sanh khong bang nhau: 404 - File or directory not found. va Facebook expected [false] but found [true]]]>
            </message>
            <full-stacktrace>
              <![CDATA[java.lang.AssertionError: So sanh khong bang nhau: 404 - File or directory not found. va Facebook expected [false] but found [true]
at org.testng.Assert.fail(Assert.java:99)
at org.testng.Assert.failNotEquals(Assert.java:1037)
at org.testng.Assert.assertFalse(Assert.java:67)
at common.CommonBase.verifyCompare(CommonBase.java:516)
at excute.TS_DangNhap.TC_06_DangNhapVoiFacebook(TS_DangNhap.java:91)
at sun.reflect.NativeMethodAccessorImpl.invoke0(Native Method)
at sun.reflect.NativeMethodAccessorImpl.invoke(NativeMethodAccessorImpl.java:62)
at sun.reflect.DelegatingMethodAccessorImpl.invoke(DelegatingMethodAccessorImpl.java:43)
at java.lang.reflect.Method.invoke(Method.java:498)
at org.testng.internal.MethodInvocationHelper.invokeMethod(MethodInvocationHelper.java:132)
at org.testng.internal.TestInvoker.invokeMethod(TestInvoker.java:599)
at org.testng.internal.TestInvoker.invokeTestMethod(TestInvoker.java:174)
at org.testng.internal.MethodRunner.runInSequence(MethodRunner.java:46)
at org.testng.internal.TestInvoker$MethodInvocationAgent.invoke(TestInvoker.java:822)
at org.testng.internal.TestInvoker.invokeTestMethods(TestInvoker.java:147)
at org.testng.internal.TestMethodWorker.invokeTestMethods(TestMethodWorker.java:146)
at org.testng.internal.TestMethodWorker.run(TestMethodWorker.java:128)
at java.util.ArrayList.forEach(ArrayList.java:1259)
at org.testng.TestRunner.privateRun(TestRunner.java:764)
at org.testng.TestRunner.run(TestRunner.java:585)
at org.testng.SuiteRunner.runTest(SuiteRunner.java:384)
at org.testng.SuiteRunner.runSequentially(SuiteRunner.java:378)
at org.testng.SuiteRunner.privateRun(SuiteRunner.java:337)
at org.testng.SuiteRunner.run(SuiteRunner.java:286)
at org.testng.SuiteRunnerWorker.runSuite(SuiteRunnerWorker.java:53)
at org.testng.SuiteRunnerWorker.run(SuiteRunnerWorker.java:96)
at org.testng.TestNG.runSuitesSequentially(TestNG.java:1218)
at org.testng.TestNG.runSuitesLocally(TestNG.java:1140)
at org.testng.TestNG.runSuites(TestNG.java:1069)
at org.testng.TestNG.run(TestNG.java:1037)
at org.testng.remote.AbstractRemoteTestNG.run(AbstractRemoteTestNG.java:115)
at org.testng.remote.RemoteTestNG.initAndRun(RemoteTestNG.java:251)
at org.testng.remote.RemoteTestNG.main(RemoteTestNG.java:77)
]]>
            </full-stacktrace>
          </exception> <!-- java.lang.AssertionError -->
          <reporter-output>
          </reporter-output>
        </test-method> <!-- TC_06_DangNhapVoiFacebook -->
        <test-method status="PASS" signature="afterMethod()[pri:0, instance:excute.TS_DangNhap@63440df3]" name="afterMethod" is-config="true" duration-ms="91" started-at="2021-05-15T22:05:47 ICT" finished-at="2021-05-15T22:05:47 ICT">
          <reporter-output>
          </reporter-output>
        </test-method> <!-- afterMethod -->
        <test-method status="PASS" signature="beforeMethod()[pri:0, instance:excute.TS_DangNhap@63440df3]" name="beforeMethod" is-config="true" duration-ms="3375" started-at="2021-05-15T22:05:47 ICT" finished-at="2021-05-15T22:05:50 ICT">
          <reporter-output>
          </reporter-output>
        </test-method> <!-- beforeMethod -->
        <test-method status="PASS" signature="TC_07_DangNhap_QuenMatKhau()[pri:0, instance:excute.TS_DangNhap@63440df3]" name="TC_07_DangNhap_QuenMatKhau" duration-ms="6042" started-at="2021-05-15T22:05:50 ICT" finished-at="2021-05-15T22:05:56 ICT">
          <reporter-output>
          </reporter-output>
        </test-method> <!-- TC_07_DangNhap_QuenMatKhau -->
        <test-method status="PASS" signature="afterMethod()[pri:0, instance:excute.TS_DangNhap@63440df3]" name="afterMethod" is-config="true" duration-ms="92" started-at="2021-05-15T22:05:56 ICT" finished-at="2021-05-15T22:05:56 ICT">
          <reporter-output>
          </reporter-output>
        </test-method> <!-- afterMethod -->
      </class> <!-- excute.TS_DangNhap -->
    </test> <!-- Default test -->
  </suite> <!-- Default suite -->
</testng-results>
