<?xml version="1.0" encoding="UTF-8"?>
<testng-results skipped="0" failed="0" ignored="0" total="2" passed="2">
  <reporter-output>
  </reporter-output>
  <suite name="Default suite" duration-ms="38289" started-at="2021-05-27T12:27:12 ICT" finished-at="2021-05-27T12:27:50 ICT">
    <groups>
    </groups>
    <test name="Default test" duration-ms="38289" started-at="2021-05-27T12:27:12 ICT" finished-at="2021-05-27T12:27:50 ICT">
      <class name="excute.TS_ThemSach">
        <test-method status="PASS" signature="beforeMethod()[pri:0, instance:excute.TS_ThemSach@ed9d034]" name="beforeMethod" is-config="true" duration-ms="6734" started-at="2021-05-27T12:27:12 ICT" finished-at="2021-05-27T12:27:19 ICT">
          <reporter-output>
          </reporter-output>
        </test-method> <!-- beforeMethod -->
        <test-method status="PASS" signature="TC_01_ThemThanhCong()[pri:0, instance:excute.TS_ThemSach@ed9d034]" name="TC_01_ThemThanhCong" duration-ms="17887" started-at="2021-05-27T12:27:19 ICT" finished-at="2021-05-27T12:27:37 ICT">
          <reporter-output>
          </reporter-output>
        </test-method> <!-- TC_01_ThemThanhCong -->
        <test-method status="PASS" signature="afterMethod()[pri:0, instance:excute.TS_ThemSach@ed9d034]" name="afterMethod" is-config="true" duration-ms="117" started-at="2021-05-27T12:27:37 ICT" finished-at="2021-05-27T12:27:37 ICT">
          <reporter-output>
          </reporter-output>
        </test-method> <!-- afterMethod -->
        <test-method status="PASS" signature="beforeMethod()[pri:0, instance:excute.TS_ThemSach@ed9d034]" name="beforeMethod" is-config="true" duration-ms="5121" started-at="2021-05-27T12:27:37 ICT" finished-at="2021-05-27T12:27:42 ICT">
          <reporter-output>
          </reporter-output>
        </test-method> <!-- beforeMethod -->
        <test-method status="PASS" signature="TC_02_ThemKhongThanhCong()[pri:0, instance:excute.TS_ThemSach@ed9d034]" name="TC_02_ThemKhongThanhCong" duration-ms="8279" started-at="2021-05-27T12:27:42 ICT" finished-at="2021-05-27T12:27:50 ICT">
          <reporter-output>
          </reporter-output>
        </test-method> <!-- TC_02_ThemKhongThanhCong -->
        <test-method status="PASS" signature="afterMethod()[pri:0, instance:excute.TS_ThemSach@ed9d034]" name="afterMethod" is-config="true" duration-ms="116" started-at="2021-05-27T12:27:50 ICT" finished-at="2021-05-27T12:27:50 ICT">
          <reporter-output>
          </reporter-output>
        </test-method> <!-- afterMethod -->
      </class> <!-- excute.TS_ThemSach -->
    </test> <!-- Default test -->
  </suite> <!-- Default suite -->
</testng-results>
